<?xml version="1.0" encoding="UTF-8"?>
<testsuite xmlns:xsi="http://www.w3.org/2001/XMLSchema-instance" xsi:noNamespaceSchemaLocation="https://maven.apache.org/surefire/maven-surefire-plugin/xsd/surefire-test-report.xsd" name="tn.esprit.devops_project.services.StockServiceImplTest" time="38.016" tests="3" errors="1" skipped="0" failures="2">
  <properties>
[...]
</properties>
  <testcase name="addStock" classname="tn.esprit.devops_project.services.StockServiceImplTest" time="0.666">
    <failure message="expected: &lt;1&gt; but was: &lt;2&gt;" type="org.opentest4j.AssertionFailedError"><![CDATA[org.opentest4j.AssertionFailedError: expected: <1> but was: <2>
	at tn.esprit.devops_project.services.StockServiceImplTest.addStock(StockServiceImplTest.java:43)
]]></failure>
    <system-out><![CDATA[14:51:55.314 [main] DEBUG org.springframework.test.context.BootstrapUtils - Instantiating CacheAwareContextLoaderDelegate from class [org.springframework.test.context.cache.DefaultCacheAwareContextLoaderDelegate]
14:51:55.366 [main] DEBUG org.springframework.test.context.BootstrapUtils - Instantiating BootstrapContext using constructor [public org.springframework.test.context.support.DefaultBootstrapContext(java.lang.Class,org.springframework.test.context.CacheAwareContextLoaderDelegate)]
14:51:55.694 [main] DEBUG org.springframework.test.context.BootstrapUtils - Instantiating TestContextBootstrapper for test class [tn.esprit.devops_project.services.StockServiceImplTest] from class [org.springframework.boot.test.context.SpringBootTestContextBootstrapper]
14:51:55.764 [main] INFO org.springframework.boot.test.context.SpringBootTestContextBootstrapper - Neither @ContextConfiguration nor @ContextHierarchy found for test class [tn.esprit.devops_project.services.StockServiceImplTest], using SpringBootContextLoader
14:51:55.789 [main] DEBUG org.springframework.test.context.support.AbstractContextLoader - Did not detect default resource location for test class [tn.esprit.devops_project.services.StockServiceImplTest]: class path resource [tn/esprit/devops_project/services/StockServiceImplTest-context.xml] does not exist
14:51:55.795 [main] DEBUG org.springframework.test.context.support.AbstractContextLoader - Did not detect default resource location for test class [tn.esprit.devops_project.services.StockServiceImplTest]: class path resource [tn/esprit/devops_project/services/StockServiceImplTestContext.groovy] does not exist
14:51:55.795 [main] INFO org.springframework.test.context.support.AbstractContextLoader - Could not detect default resource locations for test class [tn.esprit.devops_project.services.StockServiceImplTest]: no resource found for suffixes {-context.xml, Context.groovy}.
14:51:55.800 [main] INFO org.springframework.test.context.support.AnnotationConfigContextLoaderUtils - Could not detect default configuration classes for test class [tn.esprit.devops_project.services.StockServiceImplTest]: StockServiceImplTest does not declare any static, non-private, non-final, nested classes annotated with @Configuration.
14:51:57.147 [main] DEBUG org.springframework.context.annotation.ClassPathScanningCandidateComponentProvider - Identified candidate component class: file [/home/devops/.git/jinkinsHomework/target/classes/tn/esprit/devops_project/DevOps_ProjectSpringBootApplication.class]
14:51:57.162 [main] INFO org.springframework.boot.test.context.SpringBootTestContextBootstrapper - Found @SpringBootConfiguration tn.esprit.devops_project.DevOps_ProjectSpringBootApplication for test class tn.esprit.devops_project.services.StockServiceImplTest
14:51:58.029 [main] DEBUG org.springframework.boot.test.context.SpringBootTestContextBootstrapper - Skipping candidate TestExecutionListener [com.github.springtestdbunit.DbUnitTestExecutionListener] due to a missing dependency. Specify custom listener classes or make the default listener classes and their required dependencies available. Offending class: [org/dbunit/dataset/IDataSet]
14:51:58.029 [main] INFO org.springframework.boot.test.context.SpringBootTestContextBootstrapper - Using TestExecutionListeners: [org.springframework.test.context.support.DependencyInjectionTestExecutionListener@3eedd0e3, org.springframework.test.context.support.DirtiesContextTestExecutionListener@478089b6, org.springframework.test.context.transaction.TransactionalTestExecutionListener@72f35a31]
14:51:58.076 [main] DEBUG org.springframework.test.context.support.DependencyInjectionTestExecutionListener - Performing dependency injection for test context [[DefaultTestContext@54687fd0 testClass = StockServiceImplTest, testInstance = tn.esprit.devops_project.services.StockServiceImplTest@6eaf030c, testMethod = [null], testException = [null], mergedContextConfiguration = [WebMergedContextConfiguration@b2da3a5 testClass = StockServiceImplTest, locations = '{}', classes = '{class tn.esprit.devops_project.DevOps_ProjectSpringBootApplication}', contextInitializerClasses = '[]', activeProfiles = '{test}', propertySourceLocations = '{}', propertySourceProperties = '{org.springframework.boot.test.context.SpringBootTestContextBootstrapper=true}', contextCustomizers = set[org.springframework.boot.test.context.filter.ExcludeFilterContextCustomizer@78d71df1, org.springframework.boot.test.json.DuplicateJsonObjectContextCustomizerFactory$DuplicateJsonObjectContextCustomizer@4337afd, org.springframework.boot.test.mock.mockito.MockitoContextCustomizer@0, org.springframework.boot.test.web.client.TestRestTemplateContextCustomizer@2bc7db89, org.springframework.boot.test.autoconfigure.actuate.metrics.MetricsExportContextCustomizerFactory$DisableMetricExportContextCustomizer@4b1ec694, org.springframework.boot.test.autoconfigure.properties.PropertyMappingContextCustomizer@0, org.springframework.boot.test.autoconfigure.web.servlet.WebDriverContextCustomizerFactory$Customizer@66fb45e5, org.springframework.boot.test.context.SpringBootTestArgs@1, org.springframework.boot.test.context.SpringBootTestWebEnvironment@5ce33a58], resourceBasePath = 'src/main/webapp', contextLoader = 'org.springframework.boot.test.context.SpringBootContextLoader', parent = [null]], attributes = map['org.springframework.test.context.web.ServletTestExecutionListener.activateListener' -> true]]].

  .   ____          _            __ _ _
 /\\ / ___'_ __ _ _(_)_ __  __ _ \ \ \ \
( ( )\___ | '_ | '_| | '_ \/ _` | \ \ \ \
 \\/  ___)| |_)| | | | | || (_| |  ) ) ) )
  '  |____| .__|_| |_|_| |_\__, | / / / /
 =========|_|==============|___/=/_/_/_/
 :: Spring Boot ::               (v2.7.13)

2023-11-01 14:52:01.023  INFO 7965 --- [           main] t.e.d.services.StockServiceImplTest      : Starting StockServiceImplTest using Java 11.0.20.1 on ubuntu with PID 7965 (started by root in /home/devops/.git/jinkinsHomework)
2023-11-01 14:52:01.031  INFO 7965 --- [           main] t.e.d.services.StockServiceImplTest      : The following 1 profile is active: "test"
2023-11-01 14:52:08.551  INFO 7965 --- [           main] .s.d.r.c.RepositoryConfigurationDelegate : Bootstrapping Spring Data JPA repositories in DEFAULT mode.
2023-11-01 14:52:08.897  INFO 7965 --- [           main] .s.d.r.c.RepositoryConfigurationDelegate : Finished Spring Data repository scanning in 274 ms. Found 6 JPA repository interfaces.
2023-11-01 14:52:12.220  INFO 7965 --- [           main] o.hibernate.jpa.internal.util.LogHelper  : HHH000204: Processing PersistenceUnitInfo [name: default]
2023-11-01 14:52:12.560  INFO 7965 --- [           main] org.hibernate.Version                    : HHH000412: Hibernate ORM core version 5.6.15.Final
2023-11-01 14:52:13.563  INFO 7965 --- [           main] o.hibernate.annotations.common.Version   : HCANN000001: Hibernate Commons Annotations {5.1.2.Final}
2023-11-01 14:52:14.348  INFO 7965 --- [           main] com.zaxxer.hikari.HikariDataSource       : HikariPool-1 - Starting...
2023-11-01 14:52:15.710  INFO 7965 --- [           main] com.zaxxer.hikari.HikariDataSource       : HikariPool-1 - Start completed.
2023-11-01 14:52:15.883  INFO 7965 --- [           main] org.hibernate.dialect.Dialect            : HHH000400: Using dialect: org.hibernate.dialect.H2Dialect
Hibernate: create table invoice (id_invoice bigint generated by default as identity, amount_discount float not null, amount_invoice float not null, archived boolean, date_creation_invoice date, date_last_modification_invoice date, supplier_id_supplier bigint, primary key (id_invoice))
Hibernate: create table invoice_detail (id_invoice_detail bigint generated by default as identity, price float not null, quantity integer not null, invoice_id_invoice bigint, product_id_product bigint, primary key (id_invoice_detail))
Hibernate: create table operator (id_operateur bigint generated by default as identity, fname varchar(255), lname varchar(255), password varchar(255), primary key (id_operateur))
Hibernate: create table operator_invoices (operator_id_operateur bigint not null, invoices_id_invoice bigint not null, primary key (operator_id_operateur, invoices_id_invoice))
Hibernate: create table product (id_product bigint generated by default as identity, category varchar(255), price float not null, quantity integer not null, title varchar(255), stock_id_stock bigint, primary key (id_product))
Hibernate: create table stock (id_stock bigint generated by default as identity, title varchar(255), primary key (id_stock))
Hibernate: create table supplier (id_supplier bigint generated by default as identity, code varchar(255), label varchar(255), supplier_category varchar(255), primary key (id_supplier))
Hibernate: alter table operator_invoices drop constraint if exists UK_nnmg2fltofk8yrs7r5v7nu39q
Hibernate: alter table operator_invoices add constraint UK_nnmg2fltofk8yrs7r5v7nu39q unique (invoices_id_invoice)
Hibernate: alter table invoice add constraint FK211pcrtru21a8lt9qn10ii89k foreign key (supplier_id_supplier) references supplier
Hibernate: alter table invoice_detail add constraint FKe3e6jd926bti5bxu2sg43ayex foreign key (invoice_id_invoice) references invoice
Hibernate: alter table invoice_detail add constraint FKk3uyq1a6lb4hgccxwxbmyj51u foreign key (product_id_product) references product
Hibernate: alter table operator_invoices add constraint FKcc3kg7v0mwl58mnmm0w04bwoc foreign key (invoices_id_invoice) references invoice
Hibernate: alter table operator_invoices add constraint FKho8r5qqb74bybuxxcfo3b9hl0 foreign key (operator_id_operateur) references operator
Hibernate: alter table product add constraint FKq21d0dqncd4rvyapq2dtelyj1 foreign key (stock_id_stock) references stock
2023-11-01 14:52:21.624  INFO 7965 --- [           main] o.h.e.t.j.p.i.JtaPlatformInitiator       : HHH000490: Using JtaPlatform implementation: [org.hibernate.engine.transaction.jta.platform.internal.NoJtaPlatform]
2023-11-01 14:52:21.710  INFO 7965 --- [           main] j.LocalContainerEntityManagerFactoryBean : Initialized JPA EntityManagerFactory for persistence unit 'default'
2023-11-01 14:52:26.321  WARN 7965 --- [           main] JpaBaseConfiguration$JpaWebConfiguration : spring.jpa.open-in-view is enabled by default. Therefore, database queries may be performed during view rendering. Explicitly configure spring.jpa.open-in-view to disable this warning
2023-11-01 14:52:31.401  INFO 7965 --- [           main] o.s.b.a.e.web.EndpointLinksResolver      : Exposing 1 endpoint(s) beneath base path '/actuator'
2023-11-01 14:52:31.733  INFO 7965 --- [           main] t.e.d.services.StockServiceImplTest      : Started StockServiceImplTest in 33.156 seconds (JVM running for 40.66)
2023-11-01 14:52:32.004  INFO 7965 --- [           main] o.s.t.c.transaction.TransactionContext   : Began transaction (1) for test context [DefaultTestContext@54687fd0 testClass = StockServiceImplTest, testInstance = tn.esprit.devops_project.services.StockServiceImplTest@6eaf030c, testMethod = addStock@StockServiceImplTest, testException = [null], mergedContextConfiguration = [WebMergedContextConfiguration@b2da3a5 testClass = StockServiceImplTest, locations = '{}', classes = '{class tn.esprit.devops_project.DevOps_ProjectSpringBootApplication}', contextInitializerClasses = '[]', activeProfiles = '{test}', propertySourceLocations = '{}', propertySourceProperties = '{org.springframework.boot.test.context.SpringBootTestContextBootstrapper=true}', contextCustomizers = set[org.springframework.boot.test.context.filter.ExcludeFilterContextCustomizer@78d71df1, org.springframework.boot.test.json.DuplicateJsonObjectContextCustomizerFactory$DuplicateJsonObjectContextCustomizer@4337afd, org.springframework.boot.test.mock.mockito.MockitoContextCustomizer@0, org.springframework.boot.test.web.client.TestRestTemplateContextCustomizer@2bc7db89, org.springframework.boot.test.autoconfigure.actuate.metrics.MetricsExportContextCustomizerFactory$DisableMetricExportContextCustomizer@4b1ec694, org.springframework.boot.test.autoconfigure.properties.PropertyMappingContextCustomizer@0, org.springframework.boot.test.autoconfigure.web.servlet.WebDriverContextCustomizerFactory$Customizer@66fb45e5, org.springframework.boot.test.context.SpringBootTestArgs@1, org.springframework.boot.test.context.SpringBootTestWebEnvironment@5ce33a58], resourceBasePath = 'src/main/webapp', contextLoader = 'org.springframework.boot.test.context.SpringBootContextLoader', parent = [null]], attributes = map['org.springframework.test.context.web.ServletTestExecutionListener.activateListener' -> true]]; transaction manager [org.springframework.orm.jpa.JpaTransactionManager@646085c6]; rollback [true]
Hibernate: insert into stock (id_stock, title) values (default, ?)
Hibernate: select stock0_.id_stock as id_stock1_5_, stock0_.title as title2_5_ from stock stock0_
2023-11-01 14:52:32.492  INFO 7965 --- [           main] o.s.t.c.transaction.TransactionContext   : Rolled back transaction for test: [DefaultTestContext@54687fd0 testClass = StockServiceImplTest, testInstance = tn.esprit.devops_project.services.StockServiceImplTest@6eaf030c, testMethod = addStock@StockServiceImplTest, testException = org.opentest4j.AssertionFailedError: expected: <1> but was: <2>, mergedContextConfiguration = [WebMergedContextConfiguration@b2da3a5 testClass = StockServiceImplTest, locations = '{}', classes = '{class tn.esprit.devops_project.DevOps_ProjectSpringBootApplication}', contextInitializerClasses = '[]', activeProfiles = '{test}', propertySourceLocations = '{}', propertySourceProperties = '{org.springframework.boot.test.context.SpringBootTestContextBootstrapper=true}', contextCustomizers = set[org.springframework.boot.test.context.filter.ExcludeFilterContextCustomizer@78d71df1, org.springframework.boot.test.json.DuplicateJsonObjectContextCustomizerFactory$DuplicateJsonObjectContextCustomizer@4337afd, org.springframework.boot.test.mock.mockito.MockitoContextCustomizer@0, org.springframework.boot.test.web.client.TestRestTemplateContextCustomizer@2bc7db89, org.springframework.boot.test.autoconfigure.actuate.metrics.MetricsExportContextCustomizerFactory$DisableMetricExportContextCustomizer@4b1ec694, org.springframework.boot.test.autoconfigure.properties.PropertyMappingContextCustomizer@0, org.springframework.boot.test.autoconfigure.web.servlet.WebDriverContextCustomizerFactory$Customizer@66fb45e5, org.springframework.boot.test.context.SpringBootTestArgs@1, org.springframework.boot.test.context.SpringBootTestWebEnvironment@5ce33a58], resourceBasePath = 'src/main/webapp', contextLoader = 'org.springframework.boot.test.context.SpringBootContextLoader', parent = [null]], attributes = map['org.springframework.test.context.web.ServletTestExecutionListener.activateListener' -> true]]
]]></system-out>
  </testcase>
  <testcase name="retrieveAllStock" classname="tn.esprit.devops_project.services.StockServiceImplTest" time="0.149">
    <failure message="expected: &lt;0&gt; but was: &lt;1&gt;" type="org.opentest4j.AssertionFailedError"><![CDATA[org.opentest4j.AssertionFailedError: expected: <0> but was: <1>
	at tn.esprit.devops_project.services.StockServiceImplTest.retrieveAllStock(StockServiceImplTest.java:58)
]]></failure>
    <system-out><![CDATA[2023-11-01 14:52:32.644  INFO 7965 --- [           main] o.s.t.c.transaction.TransactionContext   : Began transaction (1) for test context [DefaultTestContext@54687fd0 testClass = StockServiceImplTest, testInstance = tn.esprit.devops_project.services.StockServiceImplTest@2d7be8e1, testMethod = retrieveAllStock@StockServiceImplTest, testException = [null], mergedContextConfiguration = [WebMergedContextConfiguration@b2da3a5 testClass = StockServiceImplTest, locations = '{}', classes = '{class tn.esprit.devops_project.DevOps_ProjectSpringBootApplication}', contextInitializerClasses = '[]', activeProfiles = '{test}', propertySourceLocations = '{}', propertySourceProperties = '{org.springframework.boot.test.context.SpringBootTestContextBootstrapper=true}', contextCustomizers = set[org.springframework.boot.test.context.filter.ExcludeFilterContextCustomizer@78d71df1, org.springframework.boot.test.json.DuplicateJsonObjectContextCustomizerFactory$DuplicateJsonObjectContextCustomizer@4337afd, org.springframework.boot.test.mock.mockito.MockitoContextCustomizer@0, org.springframework.boot.test.web.client.TestRestTemplateContextCustomizer@2bc7db89, org.springframework.boot.test.autoconfigure.actuate.metrics.MetricsExportContextCustomizerFactory$DisableMetricExportContextCustomizer@4b1ec694, org.springframework.boot.test.autoconfigure.properties.PropertyMappingContextCustomizer@0, org.springframework.boot.test.autoconfigure.web.servlet.WebDriverContextCustomizerFactory$Customizer@66fb45e5, org.springframework.boot.test.context.SpringBootTestArgs@1, org.springframework.boot.test.context.SpringBootTestWebEnvironment@5ce33a58], resourceBasePath = 'src/main/webapp', contextLoader = 'org.springframework.boot.test.context.SpringBootContextLoader', parent = [null]], attributes = map['org.springframework.test.context.web.ServletTestExecutionListener.activateListener' -> true]]; transaction manager [org.springframework.orm.jpa.JpaTransactionManager@646085c6]; rollback [true]
Hibernate: select stock0_.id_stock as id_stock1_5_, stock0_.title as title2_5_ from stock stock0_
2023-11-01 14:52:32.705  INFO 7965 --- [           main] o.s.t.c.transaction.TransactionContext   : Rolled back transaction for test: [DefaultTestContext@54687fd0 testClass = StockServiceImplTest, testInstance = tn.esprit.devops_project.services.StockServiceImplTest@2d7be8e1, testMethod = retrieveAllStock@StockServiceImplTest, testException = org.opentest4j.AssertionFailedError: expected: <0> but was: <1>, mergedContextConfiguration = [WebMergedContextConfiguration@b2da3a5 testClass = StockServiceImplTest, locations = '{}', classes = '{class tn.esprit.devops_project.DevOps_ProjectSpringBootApplication}', contextInitializerClasses = '[]', activeProfiles = '{test}', propertySourceLocations = '{}', propertySourceProperties = '{org.springframework.boot.test.context.SpringBootTestContextBootstrapper=true}', contextCustomizers = set[org.springframework.boot.test.context.filter.ExcludeFilterContextCustomizer@78d71df1, org.springframework.boot.test.json.DuplicateJsonObjectContextCustomizerFactory$DuplicateJsonObjectContextCustomizer@4337afd, org.springframework.boot.test.mock.mockito.MockitoContextCustomizer@0, org.springframework.boot.test.web.client.TestRestTemplateContextCustomizer@2bc7db89, org.springframework.boot.test.autoconfigure.actuate.metrics.MetricsExportContextCustomizerFactory$DisableMetricExportContextCustomizer@4b1ec694, org.springframework.boot.test.autoconfigure.properties.PropertyMappingContextCustomizer@0, org.springframework.boot.test.autoconfigure.web.servlet.WebDriverContextCustomizerFactory$Customizer@66fb45e5, org.springframework.boot.test.context.SpringBootTestArgs@1, org.springframework.boot.test.context.SpringBootTestWebEnvironment@5ce33a58], resourceBasePath = 'src/main/webapp', contextLoader = 'org.springframework.boot.test.context.SpringBootContextLoader', parent = [null]], attributes = map['org.springframework.test.context.web.ServletTestExecutionListener.activateListener' -> true]]
]]></system-out>
  </testcase>
  <testcase name="retrieveStock" classname="tn.esprit.devops_project.services.StockServiceImplTest" time="0.121">
    <error message="Stock not found" type="java.lang.NullPointerException">java.lang.NullPointerException: Stock not found
	at tn.esprit.devops_project.services.StockServiceImplTest.retrieveStock(StockServiceImplTest.java:50)
</error>
    <system-out><![CDATA[2023-11-01 14:52:32.730  INFO 7965 --- [           main] o.s.t.c.transaction.TransactionContext   : Began transaction (1) for test context [DefaultTestContext@54687fd0 testClass = StockServiceImplTest, testInstance = tn.esprit.devops_project.services.StockServiceImplTest@4e16ad82, testMethod = retrieveStock@StockServiceImplTest, testException = [null], mergedContextConfiguration = [WebMergedContextConfiguration@b2da3a5 testClass = StockServiceImplTest, locations = '{}', classes = '{class tn.esprit.devops_project.DevOps_ProjectSpringBootApplication}', contextInitializerClasses = '[]', activeProfiles = '{test}', propertySourceLocations = '{}', propertySourceProperties = '{org.springframework.boot.test.context.SpringBootTestContextBootstrapper=true}', contextCustomizers = set[org.springframework.boot.test.context.filter.ExcludeFilterContextCustomizer@78d71df1, org.springframework.boot.test.json.DuplicateJsonObjectContextCustomizerFactory$DuplicateJsonObjectContextCustomizer@4337afd, org.springframework.boot.test.mock.mockito.MockitoContextCustomizer@0, org.springframework.boot.test.web.client.TestRestTemplateContextCustomizer@2bc7db89, org.springframework.boot.test.autoconfigure.actuate.metrics.MetricsExportContextCustomizerFactory$DisableMetricExportContextCustomizer@4b1ec694, org.springframework.boot.test.autoconfigure.properties.PropertyMappingContextCustomizer@0, org.springframework.boot.test.autoconfigure.web.servlet.WebDriverContextCustomizerFactory$Customizer@66fb45e5, org.springframework.boot.test.context.SpringBootTestArgs@1, org.springframework.boot.test.context.SpringBootTestWebEnvironment@5ce33a58], resourceBasePath = 'src/main/webapp', contextLoader = 'org.springframework.boot.test.context.SpringBootContextLoader', parent = [null]], attributes = map['org.springframework.test.context.web.ServletTestExecutionListener.activateListener' -> true]]; transaction manager [org.springframework.orm.jpa.JpaTransactionManager@646085c6]; rollback [true]
Hibernate: select stock0_.id_stock as id_stock1_5_0_, stock0_.title as title2_5_0_ from stock stock0_ where stock0_.id_stock=?
2023-11-01 14:52:32.850  INFO 7965 --- [           main] o.s.t.c.transaction.TransactionContext   : Rolled back transaction for test: [DefaultTestContext@54687fd0 testClass = StockServiceImplTest, testInstance = tn.esprit.devops_project.services.StockServiceImplTest@4e16ad82, testMethod = retrieveStock@StockServiceImplTest, testException = java.lang.NullPointerException: Stock not found, mergedContextConfiguration = [WebMergedContextConfiguration@b2da3a5 testClass = StockServiceImplTest, locations = '{}', classes = '{class tn.esprit.devops_project.DevOps_ProjectSpringBootApplication}', contextInitializerClasses = '[]', activeProfiles = '{test}', propertySourceLocations = '{}', propertySourceProperties = '{org.springframework.boot.test.context.SpringBootTestContextBootstrapper=true}', contextCustomizers = set[org.springframework.boot.test.context.filter.ExcludeFilterContextCustomizer@78d71df1, org.springframework.boot.test.json.DuplicateJsonObjectContextCustomizerFactory$DuplicateJsonObjectContextCustomizer@4337afd, org.springframework.boot.test.mock.mockito.MockitoContextCustomizer@0, org.springframework.boot.test.web.client.TestRestTemplateContextCustomizer@2bc7db89, org.springframework.boot.test.autoconfigure.actuate.metrics.MetricsExportContextCustomizerFactory$DisableMetricExportContextCustomizer@4b1ec694, org.springframework.boot.test.autoconfigure.properties.PropertyMappingContextCustomizer@0, org.springframework.boot.test.autoconfigure.web.servlet.WebDriverContextCustomizerFactory$Customizer@66fb45e5, org.springframework.boot.test.context.SpringBootTestArgs@1, org.springframework.boot.test.context.SpringBootTestWebEnvironment@5ce33a58], resourceBasePath = 'src/main/webapp', contextLoader = 'org.springframework.boot.test.context.SpringBootContextLoader', parent = [null]], attributes = map['org.springframework.test.context.web.ServletTestExecutionListener.activateListener' -> true]]
]]></system-out>
  </testcase>
</testsuite>